[21:14:03] [main/INFO]: Environment: authHost='https://authserver.mojang.com', accountsHost='https://api.mojang.com', sessionHost='https://sessionserver.mojang.com', servicesHost='https://api.minecraftservices.com', name='PROD'
[21:14:04] [main/INFO]: Reloading ResourceManager: Default, bukkit
[21:14:04] [Worker-Main-9/INFO]: Loaded 7 recipes
[21:14:06] [Server thread/INFO]: Starting minecraft server version 1.16.5
[21:14:06] [Server thread/INFO]: Loading properties
[21:14:06] [Server thread/INFO]: This server is running CraftBukkit version 2991-Spigot-018b9a0-f3f3094 (MC: 1.16.5) (Implementing API version 1.16.5-R0.1-SNAPSHOT)
[21:14:06] [Server thread/INFO]: Debug logging is disabled
[21:14:06] [Server thread/INFO]: Server Ping Player Sample Count: 12
[21:14:06] [Server thread/INFO]: Using 4 threads for Netty based IO
[21:14:07] [Server thread/INFO]: Default game type: SURVIVAL
[21:14:07] [Server thread/INFO]: Generating keypair
[21:14:07] [Server thread/INFO]: Starting Minecraft server on *:25565
[21:14:07] [Server thread/INFO]: Using default channel type
[21:14:09] [Server thread/INFO]: [WorldEdit] Loading WorldEdit v7.2.5+57d5ac9
[21:14:10] [Server thread/INFO]: Got request to register class com.sk89q.worldedit.bukkit.BukkitServerInterface with WorldEdit [com.sk89q.worldedit.extension.platform.PlatformManager@7d6a6d68]
[21:14:10] [Server thread/INFO]: [HolographicDisplays] Loading HolographicDisplays v2.4.6
[21:14:10] [Server thread/INFO]: [Essentials] Loading Essentials v2.18.2.0
[21:14:10] [Server thread/INFO]: [WorldEdit] Enabling WorldEdit v7.2.5+57d5ac9
[21:14:10] [Server thread/INFO]: WEPIF: Updated config file
[21:14:10] [Server thread/INFO]: WEPIF: Using the Bukkit Permissions API.
[21:14:11] [Server thread/INFO]: Using com.sk89q.worldedit.bukkit.adapter.impl.Spigot_v1_16_R3 as the Bukkit adapter
[21:14:11] [Server thread/INFO]: [WorldEdit] Default configuration file written: config.yml
[21:14:12] [Server thread/INFO]: [WorldEdit] ====================================================
[21:14:12] [Server thread/INFO]: [WorldEdit]  WorldEdit works better if you use Paper 
[21:14:12] [Server thread/INFO]: [WorldEdit]  as your server software. 
[21:14:12] [Server thread/INFO]: [WorldEdit]   
[21:14:12] [Server thread/INFO]: [WorldEdit]  Paper offers significant performance improvements,
[21:14:12] [Server thread/INFO]: [WorldEdit]  bug fixes, security enhancements and optional
[21:14:12] [Server thread/INFO]: [WorldEdit]  features for server owners to enhance their server.
[21:14:12] [Server thread/INFO]: [WorldEdit]   
[21:14:12] [Server thread/INFO]: [WorldEdit]  Paper includes Timings v2, which is significantly
[21:14:12] [Server thread/INFO]: [WorldEdit]  better at diagnosing lag problems over v1.
[21:14:12] [Server thread/INFO]: [WorldEdit]   
[21:14:12] [Server thread/INFO]: [WorldEdit]  All of your plugins should still work, and the
[21:14:12] [Server thread/INFO]: [WorldEdit]  Paper community will gladly help you fix any issues.
[21:14:12] [Server thread/INFO]: [WorldEdit]   
[21:14:12] [Server thread/INFO]: [WorldEdit]  Join the Paper Community @ https://papermc.io
[21:14:12] [Server thread/INFO]: [WorldEdit] ====================================================
[21:14:12] [Server thread/INFO]: Preparing level "world"
[21:14:12] [Server thread/INFO]: -------- World Settings For [world] --------
[21:14:12] [Server thread/INFO]: Entity Tracking Range: Pl 48 / An 48 / Mo 48 / Mi 32 / Other 64
[21:14:12] [Server thread/INFO]: Allow Zombie Pigmen to spawn from portal blocks: true
[21:14:12] [Server thread/INFO]: Mob Spawn Range: 6
[21:14:12] [Server thread/INFO]: Hopper Transfer: 8 Hopper Check: 1 Hopper Amount: 1
[21:14:12] [Server thread/INFO]: Experience Merge Radius: 3.0
[21:14:12] [Server thread/INFO]: Cactus Growth Modifier: 100%
[21:14:12] [Server thread/INFO]: Cane Growth Modifier: 100%
[21:14:12] [Server thread/INFO]: Melon Growth Modifier: 100%
[21:14:12] [Server thread/INFO]: Mushroom Growth Modifier: 100%
[21:14:12] [Server thread/INFO]: Pumpkin Growth Modifier: 100%
[21:14:12] [Server thread/INFO]: Sapling Growth Modifier: 100%
[21:14:12] [Server thread/INFO]: Beetroot Growth Modifier: 100%
[21:14:12] [Server thread/INFO]: Carrot Growth Modifier: 100%
[21:14:12] [Server thread/INFO]: Potato Growth Modifier: 100%
[21:14:12] [Server thread/INFO]: Wheat Growth Modifier: 100%
[21:14:12] [Server thread/INFO]: NetherWart Growth Modifier: 100%
[21:14:12] [Server thread/INFO]: Vine Growth Modifier: 100%
[21:14:12] [Server thread/INFO]: Cocoa Growth Modifier: 100%
[21:14:12] [Server thread/INFO]: Bamboo Growth Modifier: 100%
[21:14:12] [Server thread/INFO]: SweetBerry Growth Modifier: 100%
[21:14:12] [Server thread/INFO]: Kelp Growth Modifier: 100%
[21:14:12] [Server thread/INFO]: Entity Activation Range: An 32 / Mo 32 / Ra 48 / Mi 16 / Tiv true
[21:14:12] [Server thread/INFO]: Custom Map Seeds:  Village: 10387312 Desert: 14357617 Igloo: 14357618 Jungle: 14357619 Swamp: 14357620 Monument: 10387313 Ocean: 14357621 Shipwreck: 165745295 End City: 10387313 Slime: 987234911 Bastion: 30084232 Fortress: 30084232 Mansion: 10387319 Fossil: 14357921 Portal: 34222645
[21:14:12] [Server thread/INFO]: Max TNT Explosions: 100
[21:14:12] [Server thread/INFO]: Tile Max Tick Time: 50ms Entity max Tick Time: 50ms
[21:14:12] [Server thread/INFO]: View Distance: 10
[21:14:12] [Server thread/INFO]: Item Despawn Rate: 6000
[21:14:12] [Server thread/INFO]: Item Merge Radius: 2.5
[21:14:12] [Server thread/INFO]: Zombie Aggressive Towards Villager: true
[21:14:12] [Server thread/INFO]: Nerfing mobs spawned from spawners: false
[21:14:12] [Server thread/INFO]: Arrow Despawn Rate: 1200 Trident Respawn Rate:1200
[21:14:13] [Server thread/INFO]: Registering commands with com.sk89q.worldedit.bukkit.BukkitServerInterface
[21:14:13] [Server thread/INFO]: -------- World Settings For [world_nether] --------
[21:14:13] [Server thread/INFO]: Entity Tracking Range: Pl 48 / An 48 / Mo 48 / Mi 32 / Other 64
[21:14:13] [Server thread/INFO]: Allow Zombie Pigmen to spawn from portal blocks: true
[21:14:13] [Server thread/INFO]: Mob Spawn Range: 6
[21:14:13] [Server thread/INFO]: Hopper Transfer: 8 Hopper Check: 1 Hopper Amount: 1
[21:14:13] [Server thread/INFO]: Experience Merge Radius: 3.0
[21:14:13] [Server thread/INFO]: Cactus Growth Modifier: 100%
[21:14:13] [Server thread/INFO]: Cane Growth Modifier: 100%
[21:14:13] [Server thread/INFO]: Melon Growth Modifier: 100%
[21:14:13] [Server thread/INFO]: Mushroom Growth Modifier: 100%
[21:14:13] [Server thread/INFO]: Pumpkin Growth Modifier: 100%
[21:14:13] [Server thread/INFO]: Sapling Growth Modifier: 100%
[21:14:13] [Server thread/INFO]: Beetroot Growth Modifier: 100%
[21:14:13] [Server thread/INFO]: Carrot Growth Modifier: 100%
[21:14:13] [Server thread/INFO]: Potato Growth Modifier: 100%
[21:14:13] [Server thread/INFO]: Wheat Growth Modifier: 100%
[21:14:13] [Server thread/INFO]: NetherWart Growth Modifier: 100%
[21:14:13] [Server thread/INFO]: Vine Growth Modifier: 100%
[21:14:13] [Server thread/INFO]: Cocoa Growth Modifier: 100%
[21:14:13] [Server thread/INFO]: Bamboo Growth Modifier: 100%
[21:14:13] [Server thread/INFO]: SweetBerry Growth Modifier: 100%
[21:14:13] [Server thread/INFO]: Kelp Growth Modifier: 100%
[21:14:13] [Server thread/INFO]: Entity Activation Range: An 32 / Mo 32 / Ra 48 / Mi 16 / Tiv true
[21:14:13] [Server thread/INFO]: Custom Map Seeds:  Village: 10387312 Desert: 14357617 Igloo: 14357618 Jungle: 14357619 Swamp: 14357620 Monument: 10387313 Ocean: 14357621 Shipwreck: 165745295 End City: 10387313 Slime: 987234911 Bastion: 30084232 Fortress: 30084232 Mansion: 10387319 Fossil: 14357921 Portal: 34222645
[21:14:13] [Server thread/INFO]: Max TNT Explosions: 100
[21:14:13] [Server thread/INFO]: Tile Max Tick Time: 50ms Entity max Tick Time: 50ms
[21:14:13] [Server thread/INFO]: View Distance: 10
[21:14:13] [Server thread/INFO]: Item Despawn Rate: 6000
[21:14:13] [Server thread/INFO]: Item Merge Radius: 2.5
[21:14:13] [Server thread/INFO]: Zombie Aggressive Towards Villager: true
[21:14:13] [Server thread/INFO]: Nerfing mobs spawned from spawners: false
[21:14:13] [Server thread/INFO]: Arrow Despawn Rate: 1200 Trident Respawn Rate:1200
[21:14:14] [Server thread/INFO]: -------- World Settings For [world_the_end] --------
[21:14:14] [Server thread/INFO]: Entity Tracking Range: Pl 48 / An 48 / Mo 48 / Mi 32 / Other 64
[21:14:14] [Server thread/INFO]: Allow Zombie Pigmen to spawn from portal blocks: true
[21:14:14] [Server thread/INFO]: Mob Spawn Range: 6
[21:14:14] [Server thread/INFO]: Hopper Transfer: 8 Hopper Check: 1 Hopper Amount: 1
[21:14:14] [Server thread/INFO]: Experience Merge Radius: 3.0
[21:14:14] [Server thread/INFO]: Cactus Growth Modifier: 100%
[21:14:14] [Server thread/INFO]: Cane Growth Modifier: 100%
[21:14:14] [Server thread/INFO]: Melon Growth Modifier: 100%
[21:14:14] [Server thread/INFO]: Mushroom Growth Modifier: 100%
[21:14:14] [Server thread/INFO]: Pumpkin Growth Modifier: 100%
[21:14:14] [Server thread/INFO]: Sapling Growth Modifier: 100%
[21:14:14] [Server thread/INFO]: Beetroot Growth Modifier: 100%
[21:14:14] [Server thread/INFO]: Carrot Growth Modifier: 100%
[21:14:14] [Server thread/INFO]: Potato Growth Modifier: 100%
[21:14:14] [Server thread/INFO]: Wheat Growth Modifier: 100%
[21:14:14] [Server thread/INFO]: NetherWart Growth Modifier: 100%
[21:14:14] [Server thread/INFO]: Vine Growth Modifier: 100%
[21:14:14] [Server thread/INFO]: Cocoa Growth Modifier: 100%
[21:14:14] [Server thread/INFO]: Bamboo Growth Modifier: 100%
[21:14:14] [Server thread/INFO]: SweetBerry Growth Modifier: 100%
[21:14:14] [Server thread/INFO]: Kelp Growth Modifier: 100%
[21:14:14] [Server thread/INFO]: Entity Activation Range: An 32 / Mo 32 / Ra 48 / Mi 16 / Tiv true
[21:14:14] [Server thread/INFO]: Custom Map Seeds:  Village: 10387312 Desert: 14357617 Igloo: 14357618 Jungle: 14357619 Swamp: 14357620 Monument: 10387313 Ocean: 14357621 Shipwreck: 165745295 End City: 10387313 Slime: 987234911 Bastion: 30084232 Fortress: 30084232 Mansion: 10387319 Fossil: 14357921 Portal: 34222645
[21:14:14] [Server thread/INFO]: Max TNT Explosions: 100
[21:14:14] [Server thread/INFO]: Tile Max Tick Time: 50ms Entity max Tick Time: 50ms
[21:14:14] [Server thread/INFO]: View Distance: 10
[21:14:14] [Server thread/INFO]: Item Despawn Rate: 6000
[21:14:14] [Server thread/INFO]: Item Merge Radius: 2.5
[21:14:14] [Server thread/INFO]: Zombie Aggressive Towards Villager: true
[21:14:14] [Server thread/INFO]: Nerfing mobs spawned from spawners: false
[21:14:14] [Server thread/INFO]: Arrow Despawn Rate: 1200 Trident Respawn Rate:1200
[21:14:14] [Server thread/INFO]: Preparing start region for dimension minecraft:overworld
[21:14:15] [Server thread/INFO]: Preparing spawn area: 0%
[21:14:15] [Server thread/INFO]: Preparing spawn area: 0%
[21:14:15] [Server thread/INFO]: Preparing spawn area: 0%
[21:14:15] [Server thread/INFO]: Preparing spawn area: 0%
[21:14:19] [Worker-Main-11/INFO]: Preparing spawn area: 83%
[21:14:19] [Worker-Main-15/INFO]: Preparing spawn area: 83%
[21:14:19] [Worker-Main-16/INFO]: Preparing spawn area: 83%
[21:14:19] [Worker-Main-14/INFO]: Preparing spawn area: 83%
[21:14:19] [Worker-Main-14/INFO]: Preparing spawn area: 83%
[21:14:19] [Worker-Main-16/INFO]: Preparing spawn area: 83%
[21:14:19] [Worker-Main-16/INFO]: Preparing spawn area: 83%
[21:14:19] [Worker-Main-10/INFO]: Preparing spawn area: 95%
[21:14:20] [Worker-Main-16/INFO]: Preparing spawn area: 95%
[21:14:20] [Worker-Main-10/INFO]: Preparing spawn area: 96%
[21:14:21] [Worker-Main-14/INFO]: Preparing spawn area: 98%
[21:14:21] [Server thread/INFO]: Time elapsed: 7276 ms
[21:14:21] [Server thread/INFO]: Preparing start region for dimension minecraft:the_nether
[21:14:22] [Server thread/INFO]: Preparing spawn area: 0%
[21:14:22] [Server thread/INFO]: Preparing spawn area: 0%
[21:14:22] [Server thread/INFO]: Preparing spawn area: 0%
[21:14:22] [Worker-Main-15/INFO]: Preparing spawn area: 83%
[21:14:23] [Worker-Main-11/INFO]: Preparing spawn area: 83%
[21:14:23] [Worker-Main-14/INFO]: Preparing spawn area: 83%
[21:14:24] [Worker-Main-14/INFO]: Preparing spawn area: 83%
[21:14:24] [Worker-Main-10/INFO]: Preparing spawn area: 83%
[21:14:25] [Worker-Main-8/INFO]: Preparing spawn area: 83%
[21:14:25] [Server thread/INFO]: Preparing spawn area: 83%
[21:14:26] [Worker-Main-11/INFO]: Preparing spawn area: 97%
[21:14:26] [Server thread/INFO]: Time elapsed: 5077 ms
[21:14:26] [Server thread/INFO]: Preparing start region for dimension minecraft:the_end
[21:14:26] [Server thread/INFO]: Preparing spawn area: 0%
[21:14:26] [Worker-Main-8/INFO]: Preparing spawn area: 83%
[21:14:27] [Server thread/INFO]: Time elapsed: 901 ms
[21:14:27] [Server thread/INFO]: [HolographicDisplays] Enabling HolographicDisplays v2.4.6
[21:14:27] [Server thread/INFO]: [Essentials] Enabling Essentials v2.18.2.0
[21:14:27] [Server thread/ERROR]: [Essentials] You are running an unsupported server version!
[21:14:27] [Server thread/INFO]: Attempting to convert old kits in config.yml to new kits.yml
[21:14:27] [Server thread/INFO]: No kits found to migrate.
[21:14:27] [Server thread/INFO]: Loaded 25599 items from items.json.
[21:14:27] [Server thread/INFO]: Using locale en_US
[21:14:27] [Server thread/INFO]: [Essentials] ServerListPingEvent: Spigot iterator API
[21:14:27] [Server thread/INFO]: [Essentials] Starting Metrics. Opt-out using the global bStats config.
[21:14:27] [Server thread/INFO]: [Essentials] Using superperms-based permissions.
[21:14:27] [Server thread/INFO]: Server permissions file permissions.yml is empty, ignoring it
[21:14:28] [Server thread/INFO]: Done (15.409s)! For help, type "help"
[21:14:52] [User Authenticator #1/INFO]: UUID of player greglive is 7322e012-9c30-448a-8bb9-f32bfc430a68
[21:14:53] [Server thread/INFO]: greglive[/10.77.161.38:54290] logged in with entity id 256 at ([world]-92.73465582124619, 65.0, 85.87932136914652)
[21:15:07] [Server thread/INFO]: greglive issued server command: /daytime
[21:15:13] [Server thread/INFO]: greglive issued server command: /day
[21:15:43] [Server thread/INFO]: greglive issued server command: /give cooked salmon
[21:15:56] [Server thread/INFO]: greglive issued server command: /give greglive cooked salmon
[21:16:12] [Server thread/INFO]: greglive issued server command: /give greglive cooked_salmon
[21:19:09] [Server thread/INFO]: Stopping the server
[21:19:09] [Server thread/INFO]: Stopping server
[21:19:09] [Server thread/INFO]: [Essentials] Disabling Essentials v2.18.2.0
[21:19:09] [Server thread/INFO]: [HolographicDisplays] Disabling HolographicDisplays v2.4.6
[21:19:09] [Server thread/INFO]: [WorldEdit] Disabling WorldEdit v7.2.5+57d5ac9
[21:19:09] [Server thread/INFO]: Unregistering com.sk89q.worldedit.bukkit.BukkitServerInterface from WorldEdit
[21:19:09] [Server thread/INFO]: Saving players
[21:19:09] [Server thread/INFO]: greglive lost connection: Server closed
[21:19:09] [Server thread/INFO]: greglive left the game
[21:19:09] [Server thread/INFO]: Saving worlds
[21:19:09] [Server thread/INFO]: Saving chunks for level 'ServerLevel[world]'/minecraft:overworld
[21:19:10] [Server thread/INFO]: ThreadedAnvilChunkStorage (world): All chunks are saved
[21:19:10] [Server thread/INFO]: Saving chunks for level 'ServerLevel[world_nether]'/minecraft:the_nether
[21:19:11] [Server thread/INFO]: ThreadedAnvilChunkStorage (DIM-1): All chunks are saved
[21:19:11] [Server thread/INFO]: Saving chunks for level 'ServerLevel[world_the_end]'/minecraft:the_end
[21:19:11] [Server thread/INFO]: ThreadedAnvilChunkStorage (DIM1): All chunks are saved
[21:19:11] [Server thread/INFO]: ThreadedAnvilChunkStorage (world): All chunks are saved
[21:19:11] [Server thread/INFO]: ThreadedAnvilChunkStorage (DIM-1): All chunks are saved
[21:19:11] [Server thread/INFO]: ThreadedAnvilChunkStorage (DIM1): All chunks are saved
